  PipelineController.cpp
d:\rendererreference\nothingrenderer\nothingrenderer\nothingrenderer\vector.h(24): warning C4244: 'initializing': conversion from 'double' to 'float', possible loss of data
d:\rendererreference\nothingrenderer\nothingrenderer\nothingrenderer\vector.h(29): warning C4244: 'return': conversion from 'double' to 'float', possible loss of data
d:\rendererreference\nothingrenderer\nothingrenderer\nothingrenderer\vector.h(32): warning C4244: 'return': conversion from 'double' to 'float', possible loss of data
d:\rendererreference\nothingrenderer\nothingrenderer\nothingrenderer\vector.h(94): warning C4244: '=': conversion from 'double' to 'float', possible loss of data
d:\rendererreference\nothingrenderer\nothingrenderer\nothingrenderer\vector.h(104): warning C4244: '=': conversion from 'double' to 'float', possible loss of data
d:\rendererreference\nothingrenderer\nothingrenderer\nothingrenderer\objectinfo.h(51): warning C4244: 'initializing': conversion from 'double' to 'float', possible loss of data
d:\rendererreference\nothingrenderer\nothingrenderer\nothingrenderer\objectinfo.h(52): warning C4244: 'initializing': conversion from 'double' to 'float', possible loss of data
d:\rendererreference\nothingrenderer\nothingrenderer\nothingrenderer\objectinfo.h(80): error C2027: use of undefined type 'std::basic_ifstream<char,std::char_traits<char>>'
  c:\program files (x86)\microsoft visual studio\2017\community\vc\tools\msvc\14.10.25017\include\iosfwd(636): note: see declaration of 'std::basic_ifstream<char,std::char_traits<char>>'
d:\rendererreference\nothingrenderer\nothingrenderer\nothingrenderer\objectinfo.h(80): error C2065: 'in': undeclared identifier
d:\rendererreference\nothingrenderer\nothingrenderer\nothingrenderer\objectinfo.h(80): error C2079: 'objFile' uses undefined class 'std::basic_ifstream<char,std::char_traits<char>>'
d:\rendererreference\nothingrenderer\nothingrenderer\nothingrenderer\objectinfo.h(80): error C2440: 'initializing': cannot convert from 'initializer list' to 'int'
  d:\rendererreference\nothingrenderer\nothingrenderer\nothingrenderer\objectinfo.h(80): note: The initializer contains too many elements
d:\rendererreference\nothingrenderer\nothingrenderer\nothingrenderer\objectinfo.h(85): error C3861: 'getline': identifier not found
d:\rendererreference\nothingrenderer\nothingrenderer\nothingrenderer\objectinfo.h(86): error C2079: 'ss' uses undefined class 'std::basic_stringstream<char,std::char_traits<char>,std::allocator<char>>'
d:\rendererreference\nothingrenderer\nothingrenderer\nothingrenderer\objectinfo.h(86): error C2440: 'initializing': cannot convert from 'std::string' to 'int'
  d:\rendererreference\nothingrenderer\nothingrenderer\nothingrenderer\objectinfo.h(86): note: No user-defined-conversion operator available that can perform this conversion, or the operator cannot be called
d:\rendererreference\nothingrenderer\nothingrenderer\nothingrenderer\objectinfo.h(88): error C2677: binary '>>': no global operator found which takes type 'std::string' (or there is no acceptable conversion)
d:\rendererreference\nothingrenderer\nothingrenderer\nothingrenderer\objectinfo.h(92): error C2297: '>>': illegal, right operand has type 'float'
d:\rendererreference\nothingrenderer\nothingrenderer\nothingrenderer\objectinfo.h(92): warning C4552: '>>': operator has no effect; expected operator with side-effect
d:\rendererreference\nothingrenderer\nothingrenderer\nothingrenderer\objectinfo.h(99): error C2297: '>>': illegal, right operand has type 'float'
d:\rendererreference\nothingrenderer\nothingrenderer\nothingrenderer\objectinfo.h(99): warning C4552: '>>': operator has no effect; expected operator with side-effect
d:\rendererreference\nothingrenderer\nothingrenderer\nothingrenderer\objectinfo.h(108): error C2677: binary '>>': no global operator found which takes type 'std::string' (or there is no acceptable conversion)
d:\rendererreference\nothingrenderer\nothingrenderer\nothingrenderer\objectinfo.h(110): error C2677: binary '>>': no global operator found which takes type 'std::string' (or there is no acceptable conversion)
d:\rendererreference\nothingrenderer\nothingrenderer\nothingrenderer\objectinfo.h(112): error C2677: binary '>>': no global operator found which takes type 'std::string' (or there is no acceptable conversion)
d:\rendererreference\nothingrenderer\nothingrenderer\nothingrenderer\objectinfo.h(121): error C2228: left of '.close' must have class/struct/union
  d:\rendererreference\nothingrenderer\nothingrenderer\nothingrenderer\objectinfo.h(121): note: type is 'int'
d:\rendererreference\nothingrenderer\nothingrenderer\nothingrenderer\objectinfo.h(139): error C3861: 'stoi': identifier not found
d:\rendererreference\nothingrenderer\nothingrenderer\nothingrenderer\objectinfo.h(144): warning C4244: '=': conversion from 'int' to 'float', possible loss of data
d:\rendererreference\nothingrenderer\nothingrenderer\nothingrenderer\objectinfo.h(145): warning C4244: '=': conversion from 'int' to 'float', possible loss of data
d:\rendererreference\nothingrenderer\nothingrenderer\nothingrenderer\objectinfo.h(146): warning C4244: '=': conversion from 'int' to 'float', possible loss of data
d:\rendererreference\nothingrenderer\nothingrenderer\nothingrenderer\camera.h(33): warning C4244: '=': conversion from 'double' to 'float', possible loss of data
d:\rendererreference\nothingrenderer\nothingrenderer\nothingrenderer\camera.h(97): warning C4244: 'initializing': conversion from 'double' to 'float', possible loss of data
d:\rendererreference\nothingrenderer\nothingrenderer\nothingrenderer\pipelinecontroller.h(70): warning C4244: '=': conversion from 'float' to 'int', possible loss of data
d:\rendererreference\nothingrenderer\nothingrenderer\nothingrenderer\pipelinecontroller.h(71): warning C4244: '=': conversion from 'float' to 'int', possible loss of data
d:\rendererreference\nothingrenderer\nothingrenderer\nothingrenderer\pipelinecontroller.h(74): warning C4244: '=': conversion from 'float' to 'int', possible loss of data
d:\rendererreference\nothingrenderer\nothingrenderer\nothingrenderer\pipelinecontroller.h(75): warning C4244: '=': conversion from 'float' to 'int', possible loss of data
d:\rendererreference\nothingrenderer\nothingrenderer\nothingrenderer\pipelinecontroller.h(83): warning C4244: 'argument': conversion from 'float' to 'int', possible loss of data
d:\rendererreference\nothingrenderer\nothingrenderer\nothingrenderer\pipelinecontroller.h(84): warning C4244: 'argument': conversion from 'float' to 'int', possible loss of data
d:\rendererreference\nothingrenderer\nothingrenderer\nothingrenderer\pipelinecontroller.h(85): warning C4244: 'argument': conversion from 'float' to 'int', possible loss of data
d:\rendererreference\nothingrenderer\nothingrenderer\nothingrenderer\pipelinecontroller.h(99): warning C4244: 'argument': conversion from 'float' to 'int', possible loss of data
d:\rendererreference\nothingrenderer\nothingrenderer\nothingrenderer\pipelinecontroller.h(100): warning C4244: 'argument': conversion from 'float' to 'int', possible loss of data
d:\rendererreference\nothingrenderer\nothingrenderer\nothingrenderer\pipelinecontroller.h(101): warning C4244: 'argument': conversion from 'float' to 'int', possible loss of data
d:\rendererreference\nothingrenderer\nothingrenderer\nothingrenderer\pipelinecontroller.h(137): warning C4244: '=': conversion from 'int' to 'float', possible loss of data
d:\rendererreference\nothingrenderer\nothingrenderer\nothingrenderer\pipelinecontroller.h(138): warning C4244: '=': conversion from 'int' to 'float', possible loss of data
d:\rendererreference\nothingrenderer\nothingrenderer\nothingrenderer\pipelinecontroller.h(141): warning C4244: '=': conversion from 'int' to 'float', possible loss of data
d:\rendererreference\nothingrenderer\nothingrenderer\nothingrenderer\pipelinecontroller.h(142): warning C4244: '=': conversion from 'int' to 'float', possible loss of data
d:\rendererreference\nothingrenderer\nothingrenderer\nothingrenderer\pipelinecontroller.h(168): warning C4244: '=': conversion from 'double' to 'float', possible loss of data
d:\rendererreference\nothingrenderer\nothingrenderer\nothingrenderer\pipelinecontroller.h(170): warning C4244: '=': conversion from 'double' to 'float', possible loss of data
d:\rendererreference\nothingrenderer\nothingrenderer\nothingrenderer\pipelinecontroller.h(172): error C2065: 'cout': undeclared identifier
d:\rendererreference\nothingrenderer\nothingrenderer\nothingrenderer\pipelinecontroller.h(172): error C2065: 'endl': undeclared identifier
d:\rendererreference\nothingrenderer\nothingrenderer\nothingrenderer\pipelinecontroller.h(197): warning C4244: 'argument': conversion from 'int' to 'float', possible loss of data
d:\rendererreference\nothingrenderer\nothingrenderer\nothingrenderer\pipelinecontroller.h(198): warning C4244: '=': conversion from 'int' to 'float', possible loss of data
d:\rendererreference\nothingrenderer\nothingrenderer\nothingrenderer\pipelinecontroller.h(312): warning C4244: '=': conversion from 'float' to 'int', possible loss of data
d:\rendererreference\nothingrenderer\nothingrenderer\nothingrenderer\pipelinecontroller.h(313): warning C4244: '=': conversion from 'float' to 'int', possible loss of data
d:\rendererreference\nothingrenderer\nothingrenderer\nothingrenderer\pipelinecontroller.h(314): warning C4244: '=': conversion from 'float' to 'int', possible loss of data
d:\rendererreference\nothingrenderer\nothingrenderer\nothingrenderer\pipelinecontroller.h(315): warning C4244: '=': conversion from 'float' to 'int', possible loss of data
d:\rendererreference\nothingrenderer\nothingrenderer\nothingrenderer\pipelinecontroller.h(316): warning C4244: '=': conversion from 'float' to 'int', possible loss of data
d:\rendererreference\nothingrenderer\nothingrenderer\nothingrenderer\pipelinecontroller.h(317): warning C4244: '=': conversion from 'float' to 'int', possible loss of data
d:\rendererreference\nothingrenderer\nothingrenderer\nothingrenderer\pipelinecontroller.h(334): warning C4305: 'argument': truncation from 'double' to 'float'
d:\rendererreference\nothingrenderer\nothingrenderer\nothingrenderer\pipelinecontroller.h(336): warning C4244: '=': conversion from 'float' to 'int', possible loss of data
d:\rendererreference\nothingrenderer\nothingrenderer\nothingrenderer\pipelinecontroller.h(337): warning C4244: '=': conversion from 'float' to 'int', possible loss of data
d:\rendererreference\nothingrenderer\nothingrenderer\nothingrenderer\pipelinecontroller.h(338): warning C4244: '=': conversion from 'float' to 'int', possible loss of data
d:\rendererreference\nothingrenderer\nothingrenderer\nothingrenderer\pipelinecontroller.h(340): warning C4244: 'argument': conversion from 'float' to 'int', possible loss of data
d:\rendererreference\nothingrenderer\nothingrenderer\nothingrenderer\pipelinecontroller.h(341): warning C4244: 'argument': conversion from 'float' to 'int', possible loss of data
d:\rendererreference\nothingrenderer\nothingrenderer\nothingrenderer\pipelinecontroller.h(342): warning C4244: 'argument': conversion from 'float' to 'int', possible loss of data
d:\rendererreference\nothingrenderer\nothingrenderer\nothingrenderer\pipelinecontroller.h(471): warning C4305: 'initializing': truncation from 'double' to 'float'
d:\rendererreference\nothingrenderer\nothingrenderer\nothingrenderer\pipelinecontroller.h(491): warning C4244: 'initializing': conversion from 'float' to 'int', possible loss of data
d:\rendererreference\nothingrenderer\nothingrenderer\nothingrenderer\pipelinecontroller.h(506): warning C4244: 'initializing': conversion from 'float' to 'int', possible loss of data
d:\rendererreference\nothingrenderer\nothingrenderer\nothingrenderer\pipelinecontroller.h(511): warning C4244: '=': conversion from 'float' to 'int', possible loss of data
d:\rendererreference\nothingrenderer\nothingrenderer\nothingrenderer\pipelinecontroller.h(520): warning C4244: 'initializing': conversion from 'float' to 'int', possible loss of data
d:\rendererreference\nothingrenderer\nothingrenderer\nothingrenderer\pipelinecontroller.h(525): warning C4244: '=': conversion from 'float' to 'int', possible loss of data
d:\rendererreference\nothingrenderer\nothingrenderer\nothingrenderer\pipelinecontroller.h(533): error C3861: 'min': identifier not found
d:\rendererreference\nothingrenderer\nothingrenderer\nothingrenderer\pipelinecontroller.h(533): error C3861: 'max': identifier not found
d:\rendererreference\nothingrenderer\nothingrenderer\nothingrenderer\pipelinecontroller.cpp(22): warning C4305: 'argument': truncation from 'double' to 'float'
  Generating Code...
  Compiling...
  main.cpp
  Generating Code...
